<?xml version="1.0" encoding="UTF-8"?>
<!-- Generated by org.testng.reporters.JUnitReportReporter -->
<testsuite hostname="DESKTOP-MDNVA85" failures="0" tests="1" name="com.app.base.TestNGSampleClass" time="0.015" errors="0" timestamp="2022-11-04T07:40:19 IST" skipped="0">
  <testcase classname="com.app.base.TestNGSampleClass" name="Test" time="0.015"/>
  <system-out/>
</testsuite> <!-- com.app.base.TestNGSampleClass -->
