<?xml version="1.0" encoding="UTF-8"?>
<!-- Generated by org.testng.reporters.JUnitReportReporter -->
<testsuite hostname="DESKTOP-MDNVA85" failures="0" tests="2" name="com.app.base.TestNGSampleAdactinTast" time="8.357" errors="0" timestamp="2022-11-11T21:22:08 IST" skipped="0">
  <testcase classname="com.app.base.TestNGSampleAdactinTast" name="InvalidCred" time="2.135"/>
  <system-out/>
  <testcase classname="com.app.base.TestNGSampleAdactinTast" name="ValidCred" time="6.222"/>
  <system-out/>
</testsuite> <!-- com.app.base.TestNGSampleAdactinTast -->
